  GenData.cpp
GenData.obj : error LNK2019: unresolved external symbol "void __cdecl cv::fastFree(void *)" (?fastFree@cv@@YAXPEAX@Z) referenced in function "public: __cdecl cv::Mat::~Mat(void)" (??1Mat@cv@@QEAA@XZ)
GenData.obj : error LNK2019: unresolved external symbol "private: char * __cdecl cv::String::allocate(unsigned __int64)" (?allocate@String@cv@@AEAAPEAD_K@Z) referenced in function "public: __cdecl cv::String::String(char const *)" (??0String@cv@@QEAA@PEBD@Z)
GenData.obj : error LNK2019: unresolved external symbol "private: void __cdecl cv::String::deallocate(void)" (?deallocate@String@cv@@AEAAXXZ) referenced in function "public: __cdecl cv::String::~String(void)" (??1String@cv@@QEAA@XZ)
GenData.obj : error LNK2019: unresolved external symbol "void __cdecl cv::error(int,class cv::String const &,char const *,char const *,int)" (?error@cv@@YAXHAEBVString@1@PEBD1H@Z) referenced in function "class cv::FileStorage & __cdecl cv::operator<<<class cv::Mat>(class cv::FileStorage &,class cv::Mat const &)" (??$?6VMat@cv@@@cv@@YAAEAVFileStorage@0@AEAV10@AEBVMat@0@@Z)
GenData.obj : error LNK2019: unresolved external symbol "public: __cdecl cv::Mat::Mat(class cv::Mat const &,class cv::Rect_<int> const &)" (??0Mat@cv@@QEAA@AEBV01@AEBV?$Rect_@H@1@@Z) referenced in function "public: class cv::Mat __cdecl cv::Mat::operator()(class cv::Rect_<int> const &)const " (??RMat@cv@@QEBA?AV01@AEBV?$Rect_@H@1@@Z)
GenData.obj : error LNK2019: unresolved external symbol "public: void __cdecl cv::Mat::copyTo(class cv::_OutputArray const &)const " (?copyTo@Mat@cv@@QEBAXAEBV_OutputArray@2@@Z) referenced in function "public: class cv::Mat __cdecl cv::Mat::clone(void)const " (?clone@Mat@cv@@QEBA?AV12@XZ)
GenData.obj : error LNK2019: unresolved external symbol "public: void __cdecl cv::Mat::convertTo(class cv::_OutputArray const &,int,double,double)const " (?convertTo@Mat@cv@@QEBAXAEBV_OutputArray@2@HNN@Z) referenced in function main
GenData.obj : error LNK2019: unresolved external symbol "public: class cv::Mat __cdecl cv::Mat::reshape(int,int)const " (?reshape@Mat@cv@@QEBA?AV12@HH@Z) referenced in function main
GenData.obj : error LNK2019: unresolved external symbol "public: void __cdecl cv::Mat::deallocate(void)" (?deallocate@Mat@cv@@QEAAXXZ) referenced in function "public: void __cdecl cv::Mat::release(void)" (?release@Mat@cv@@QEAAXXZ)
GenData.obj : error LNK2019: unresolved external symbol "public: void __cdecl cv::Mat::push_back_(void const *)" (?push_back_@Mat@cv@@QEAAXPEBX@Z) referenced in function "public: void __cdecl cv::Mat::push_back<int>(int const &)" (??$push_back@H@Mat@cv@@QEAAXAEBH@Z)
GenData.obj : error LNK2019: unresolved external symbol "public: void __cdecl cv::Mat::push_back(class cv::Mat const &)" (?push_back@Mat@cv@@QEAAXAEBV12@@Z) referenced in function main
GenData.obj : error LNK2019: unresolved external symbol "public: __cdecl cv::FileStorage::FileStorage(class cv::String const &,int,class cv::String const &)" (??0FileStorage@cv@@QEAA@AEBVString@1@H0@Z) referenced in function main
GenData.obj : error LNK2019: unresolved external symbol "public: virtual __cdecl cv::FileStorage::~FileStorage(void)" (??1FileStorage@cv@@UEAA@XZ) referenced in function main
GenData.obj : error LNK2019: unresolved external symbol "public: virtual bool __cdecl cv::FileStorage::isOpened(void)const " (?isOpened@FileStorage@cv@@UEBA_NXZ) referenced in function main
GenData.obj : error LNK2019: unresolved external symbol "public: virtual void __cdecl cv::FileStorage::release(void)" (?release@FileStorage@cv@@UEAAXXZ) referenced in function main
GenData.obj : error LNK2019: unresolved external symbol "void __cdecl cv::write(class cv::FileStorage &,class cv::String const &,class cv::Mat const &)" (?write@cv@@YAXAEAVFileStorage@1@AEBVString@1@AEBVMat@1@@Z) referenced in function "class cv::FileStorage & __cdecl cv::operator<<<class cv::Mat>(class cv::FileStorage &,class cv::Mat const &)" (??$?6VMat@cv@@@cv@@YAAEAVFileStorage@0@AEAV10@AEBVMat@0@@Z)
GenData.obj : error LNK2019: unresolved external symbol "class cv::FileStorage & __cdecl cv::operator<<(class cv::FileStorage &,class cv::String const &)" (??6cv@@YAAEAVFileStorage@0@AEAV10@AEBVString@0@@Z) referenced in function "class cv::FileStorage & __cdecl cv::operator<<(class cv::FileStorage &,char const *)" (??6cv@@YAAEAVFileStorage@0@AEAV10@PEBD@Z)
GenData.obj : error LNK2019: unresolved external symbol "class cv::Mat __cdecl cv::imread(class cv::String const &,int)" (?imread@cv@@YA?AVMat@1@AEBVString@1@H@Z) referenced in function main
GenData.obj : error LNK2019: unresolved external symbol "int __cdecl cv::waitKey(int)" (?waitKey@cv@@YAHH@Z) referenced in function main
GenData.obj : error LNK2019: unresolved external symbol "void __cdecl cv::imshow(class cv::String const &,class cv::_InputArray const &)" (?imshow@cv@@YAXAEBVString@1@AEBV_InputArray@1@@Z) referenced in function main
GenData.obj : error LNK2019: unresolved external symbol "void __cdecl cv::GaussianBlur(class cv::_InputArray const &,class cv::_OutputArray const &,class cv::Size_<int>,double,double,int)" (?GaussianBlur@cv@@YAXAEBV_InputArray@1@AEBV_OutputArray@1@V?$Size_@H@1@NNH@Z) referenced in function main
GenData.obj : error LNK2019: unresolved external symbol "void __cdecl cv::resize(class cv::_InputArray const &,class cv::_OutputArray const &,class cv::Size_<int>,double,double,int)" (?resize@cv@@YAXAEBV_InputArray@1@AEBV_OutputArray@1@V?$Size_@H@1@NNH@Z) referenced in function main
GenData.obj : error LNK2019: unresolved external symbol "void __cdecl cv::adaptiveThreshold(class cv::_InputArray const &,class cv::_OutputArray const &,double,int,int,int,double)" (?adaptiveThreshold@cv@@YAXAEBV_InputArray@1@AEBV_OutputArray@1@NHHHN@Z) referenced in function main
GenData.obj : error LNK2019: unresolved external symbol "void __cdecl cv::cvtColor(class cv::_InputArray const &,class cv::_OutputArray const &,int,int)" (?cvtColor@cv@@YAXAEBV_InputArray@1@AEBV_OutputArray@1@HH@Z) referenced in function main
GenData.obj : error LNK2019: unresolved external symbol "void __cdecl cv::findContours(class cv::_InputOutputArray const &,class cv::_OutputArray const &,class cv::_OutputArray const &,int,int,class cv::Point_<int>)" (?findContours@cv@@YAXAEBV_InputOutputArray@1@AEBV_OutputArray@1@1HHV?$Point_@H@1@@Z) referenced in function main
GenData.obj : error LNK2019: unresolved external symbol "class cv::Rect_<int> __cdecl cv::boundingRect(class cv::_InputArray const &)" (?boundingRect@cv@@YA?AV?$Rect_@H@1@AEBV_InputArray@1@@Z) referenced in function main
GenData.obj : error LNK2019: unresolved external symbol "double __cdecl cv::contourArea(class cv::_InputArray const &,bool)" (?contourArea@cv@@YANAEBV_InputArray@1@_N@Z) referenced in function main
GenData.obj : error LNK2019: unresolved external symbol "void __cdecl cv::rectangle(class cv::Mat &,class cv::Rect_<int>,class cv::Scalar_<double> const &,int,int,int)" (?rectangle@cv@@YAXAEAVMat@1@V?$Rect_@H@1@AEBV?$Scalar_@N@1@HHH@Z) referenced in function main
D:\Users\Sudono Tanjung\documents\visual studio 2017\Projects\GenData\x64\Debug\GenData.exe : fatal error LNK1120: 28 unresolved externals
